-------------------------------------------------------------------------------
Test set: com.mycompany.app.AppTest
-------------------------------------------------------------------------------
Tests run: 1, Failures: 1, Errors: 0, Skipped: 0, Time elapsed: 0.045 s <<< FAILURE! - in com.mycompany.app.AppTest
shouldAnswerWithTrue(com.mycompany.app.AppTest)  Time elapsed: 0.007 s  <<< FAILURE!
java.lang.AssertionError: expected:<5> but was:<3>
	at com.mycompany.app.AppTest.shouldAnswerWithTrue(AppTest.java:20)

